#
# There is insufficient memory for the Java Runtime Environment to continue.
# Native memory allocation (malloc) failed to allocate 270896 bytes for Chunk::new
# Possible reasons:
#   The system is out of physical RAM or swap space
#   The process is running with CompressedOops enabled, and the Java Heap may be blocking the growth of the native heap
# Possible solutions:
#   Reduce memory load on the system
#   Increase physical memory or swap space
#   Check if swap backing store is full
#   Decrease Java heap size (-Xmx/-Xms)
#   Decrease number of Java threads
#   Decrease Java thread stack sizes (-Xss)
#   Set larger code cache with -XX:ReservedCodeCacheSize=
#   JVM is running with Unscaled Compressed Oops mode in which the Java heap is
#     placed in the first 4GB address space. The Java Heap base address is the
#     maximum limit for the native heap growth. Please use -XX:HeapBaseMinAddress
#     to set the Java Heap base and to place the Java Heap above 4GB virtual address.
# This output file may be truncated or incomplete.
#
#  Out of Memory Error (arena.cpp:189), pid=19444, tid=3172
#
# JRE version: OpenJDK Runtime Environment Temurin-17.0.7+7 (17.0.7+7) (build 17.0.7+7)
# Java VM: OpenJDK 64-Bit Server VM Temurin-17.0.7+7 (17.0.7+7, mixed mode, tiered, compressed oops, compressed class ptrs, parallel gc, windows-amd64)
# No core dump will be written. Minidumps are not enabled by default on client versions of Windows
#

---------------  S U M M A R Y ------------

Command Line: --add-modules=ALL-SYSTEM --add-opens=java.base/java.util=ALL-UNNAMED --add-opens=java.base/java.lang=ALL-UNNAMED --add-opens=java.base/sun.nio.fs=ALL-UNNAMED -Declipse.application=org.eclipse.jdt.ls.core.id1 -Dosgi.bundles.defaultStartLevel=4 -Declipse.product=org.eclipse.jdt.ls.core.product -Djava.import.generatesMetadataFilesAtProjectRoot=false -Dfile.encoding=utf8 -XX:+UseParallelGC -XX:GCTimeRatio=4 -XX:AdaptiveSizePolicyWeight=90 -Dsun.zip.disableMemoryMapping=true -Xmx1G -Xms100m -Xlog:disable -javaagent:c:\Users\user\.vscode\extensions\redhat.java-1.18.0-win32-x64\lombok\lombok-1.18.27.jar c:\Users\user\.vscode\extensions\redhat.java-1.18.0-win32-x64\server\plugins\org.eclipse.equinox.launcher_1.6.400.v20210924-0641.jar -configuration c:\Users\user\AppData\Roaming\Code\User\globalStorage\redhat.java\1.18.0\config_ss_win -data c:\Users\user\AppData\Roaming\Code\User\workspaceStorage\a2cafa31c3caf9654530cf07dd138e31\redhat.java\ss_ws

Host: Intel(R) Core(TM) i5-6300U CPU @ 2.40GHz, 4 cores, 7G,  Windows 10 , 64 bit Build 19041 (10.0.19041.2788)
Time: Fri May 19 16:42:42 2023 India Standard Time elapsed time: 0.892331 seconds (0d 0h 0m 0s)

---------------  T H R E A D  ---------------

Current thread (0x0000019820359b30):  JavaThread "C2 CompilerThread0" daemon [_thread_in_native, id=3172, stack(0x0000006677000000,0x0000006677100000)]


Current CompileTask:
C2:    892  487       4       lombok.patcher.PatchScript::classMatches (41 bytes)

Stack: [0x0000006677000000,0x0000006677100000]
Native frames: (J=compiled Java code, j=interpreted, Vv=VM code, C=native code)
V  [jvm.dll+0x67754a]
V  [jvm.dll+0x834304]
V  [jvm.dll+0x835aae]
V  [jvm.dll+0x836113]
V  [jvm.dll+0x24696f]
V  [jvm.dll+0xac0ac]
V  [jvm.dll+0xac67c]
V  [jvm.dll+0x2adbef]
V  [jvm.dll+0x580067]
V  [jvm.dll+0x221e72]
V  [jvm.dll+0x22224f]
V  [jvm.dll+0x21b4a5]
V  [jvm.dll+0x21895b]
V  [jvm.dll+0x1a4d8d]
V  [jvm.dll+0x2284da]
V  [jvm.dll+0x226615]
V  [jvm.dll+0x7ea90b]
V  [jvm.dll+0x7e4e7a]
V  [jvm.dll+0x676395]
C  [ucrtbase.dll+0x21bb2]
C  [KERNEL32.DLL+0x17604]
C  [ntdll.dll+0x526a1]


---------------  P R O C E S S  ---------------

Threads class SMR info:
_java_thread_list=0x000001982581df50, length=12, elements={
0x000001980c50fd00, 0x000001982032b740, 0x000001982032cea0, 0x0000019820355040,
0x0000019820355a00, 0x00000198203564c0, 0x0000019820358e90, 0x0000019820359b30,
0x000001982039e570, 0x000001982556b6e0, 0x000001980c5ca5b0, 0x000001982580c160
}

Java Threads: ( => current thread )
  0x000001980c50fd00 JavaThread "main" [_thread_in_vm, id=6136, stack(0x0000006676700000,0x0000006676800000)]
  0x000001982032b740 JavaThread "Reference Handler" daemon [_thread_blocked, id=24120, stack(0x0000006676a00000,0x0000006676b00000)]
  0x000001982032cea0 JavaThread "Finalizer" daemon [_thread_blocked, id=10488, stack(0x0000006676b00000,0x0000006676c00000)]
  0x0000019820355040 JavaThread "Signal Dispatcher" daemon [_thread_blocked, id=13064, stack(0x0000006676c00000,0x0000006676d00000)]
  0x0000019820355a00 JavaThread "Attach Listener" daemon [_thread_blocked, id=7292, stack(0x0000006676d00000,0x0000006676e00000)]
  0x00000198203564c0 JavaThread "Service Thread" daemon [_thread_blocked, id=17220, stack(0x0000006676e00000,0x0000006676f00000)]
  0x0000019820358e90 JavaThread "Monitor Deflation Thread" daemon [_thread_blocked, id=16704, stack(0x0000006676f00000,0x0000006677000000)]
=>0x0000019820359b30 JavaThread "C2 CompilerThread0" daemon [_thread_in_native, id=3172, stack(0x0000006677000000,0x0000006677100000)]
  0x000001982039e570 JavaThread "C1 CompilerThread0" daemon [_thread_in_native, id=15248, stack(0x0000006677100000,0x0000006677200000)]
  0x000001982556b6e0 JavaThread "Sweeper thread" daemon [_thread_blocked, id=10920, stack(0x0000006677200000,0x0000006677300000)]
  0x000001980c5ca5b0 JavaThread "Common-Cleaner" daemon [_thread_blocked, id=16528, stack(0x0000006677300000,0x0000006677400000)]
  0x000001982580c160 JavaThread "Notification Thread" daemon [_thread_blocked, id=17624, stack(0x0000006677500000,0x0000006677600000)]

Other Threads:
  0x00000198203138f0 VMThread "VM Thread" [stack: 0x0000006676900000,0x0000006676a00000] [id=4500]
  0x000001982580c630 WatcherThread [stack: 0x0000006677600000,0x0000006677700000] [id=17412]
  0x000001980c524c90 GCTaskThread "GC Thread#0" [stack: 0x0000006676800000,0x0000006676900000] [id=18316]

Threads with active compile tasks:
C2 CompilerThread0      936  487       4       lombok.patcher.PatchScript::classMatches (41 bytes)
C1 CompilerThread0      936  536       3       sun.security.provider.ByteArrayAccess::b2iBig64 (231 bytes)

VM state: not at safepoint (normal execution)

VM Mutex/Monitor currently owned by a thread: None

OutOfMemory and StackOverflow Exception counts:
OutOfMemoryError java_heap_errors=1
LinkageErrors=1

Heap address: 0x00000000c0000000, size: 1024 MB, Compressed Oops mode: 32-bit

CDS archive(s) not mapped
Compressed class space mapped at: 0x0000000100000000-0x0000000140000000, reserved size: 1073741824
Narrow klass base: 0x0000000000000000, Narrow klass shift: 3, Narrow klass range: 0x140000000

GC Precious Log:
 CPUs: 4 total, 4 available
 Memory: 8083M
 Large Page Support: Disabled
 NUMA Support: Disabled
 Compressed Oops: Enabled (32-bit)
 Alignments: Space 512K, Generation 512K, Heap 2M
 Heap Min Capacity: 100M
 Heap Initial Capacity: 100M
 Heap Max Capacity: 1G
 Pre-touch: Disabled
 Parallel Workers: 4

Heap:
 PSYoungGen      total 29696K, used 12668K [0x00000000eab00000, 0x00000000ecc00000, 0x0000000100000000)
  eden space 25600K, 49% used [0x00000000eab00000,0x00000000eb75f170,0x00000000ec400000)
  from space 4096K, 0% used [0x00000000ec800000,0x00000000ec800000,0x00000000ecc00000)
  to   space 4096K, 0% used [0x00000000ec400000,0x00000000ec400000,0x00000000ec800000)
 ParOldGen       total 68608K, used 0K [0x00000000c0000000, 0x00000000c4300000, 0x00000000eab00000)
  object space 68608K, 0% used [0x00000000c0000000,0x00000000c0000000,0x00000000c4300000)
 Metaspace       used 8806K, committed 8960K, reserved 1114112K
  class space    used 874K, committed 960K, reserved 1048576K

Card table byte_map: [0x000001980bee0000,0x000001980c0f0000] _byte_map_base: 0x000001980b8e0000

Marking Bits: (ParMarkBitMap*) 0x00007ffbba2252c0
 Begin Bits: [0x000001981e1a0000, 0x000001981f1a0000)
 End Bits:   [0x000001981f1a0000, 0x00000198201a0000)

Polling page: 0x000001980a520000

Metaspace:

Usage:
  Non-class:      7.75 MB used.
      Class:    874.28 KB used.
       Both:      8.60 MB used.

Virtual space:
  Non-class space:       64.00 MB reserved,       7.81 MB ( 12%) committed,  1 nodes.
      Class space:        1.00 GB reserved,     960.00 KB ( <1%) committed,  1 nodes.
             Both:        1.06 GB reserved,       8.75 MB ( <1%) committed. 

Chunk freelists:
   Non-Class:  8.00 MB
       Class:  15.09 MB
        Both:  23.09 MB

MaxMetaspaceSize: unlimited
CompressedClassSpaceSize: 1.00 GB
Initial GC threshold: 21.00 MB
Current GC threshold: 21.00 MB
CDS: off
MetaspaceReclaimPolicy: balanced
 - commit_granule_bytes: 65536.
 - commit_granule_words: 8192.
 - virtual_space_node_default_size: 8388608.
 - enlarge_chunks_in_place: 1.
 - new_chunks_are_fully_committed: 0.
 - uncommit_free_chunks: 1.
 - use_allocation_guard: 0.
 - handle_deallocations: 1.


Internal statistics:

num_allocs_failed_limit: 0.
num_arena_births: 10.
num_arena_deaths: 0.
num_vsnodes_births: 2.
num_vsnodes_deaths: 0.
num_space_committed: 140.
num_space_uncommitted: 0.
num_chunks_returned_to_freelist: 0.
num_chunks_taken_from_freelist: 38.
num_chunk_merges: 0.
num_chunk_splits: 21.
num_chunks_enlarged: 17.
num_inconsistent_stats: 0.

CodeHeap 'non-profiled nmethods': size=120000Kb used=159Kb max_used=159Kb free=119840Kb
 bounds [0x0000019816c70000, 0x0000019816ee0000, 0x000001981e1a0000]
CodeHeap 'profiled nmethods': size=120000Kb used=723Kb max_used=723Kb free=119276Kb
 bounds [0x000001980f1a0000, 0x000001980f410000, 0x00000198166d0000]
CodeHeap 'non-nmethods': size=5760Kb used=1133Kb max_used=1142Kb free=4626Kb
 bounds [0x00000198166d0000, 0x0000019816940000, 0x0000019816c70000]
 total_blobs=951 nmethods=529 adapters=337
 compilation: enabled
              stopped_count=0, restarted_count=0
 full_count=0

Compilation events (20 events):
Event: 0.861 Thread 0x0000019820359b30 nmethod 453 0x0000019816c95710 code [0x0000019816c958c0, 0x0000019816c95e38]
Event: 0.862 Thread 0x0000019820359b30  486       4       java.lang.Math::min (11 bytes)
Event: 0.862 Thread 0x0000019820359b30 nmethod 486 0x0000019816c96190 code [0x0000019816c96300, 0x0000019816c96358]
Event: 0.862 Thread 0x0000019820359b30  481       4       java.util.HashMap::keySet (25 bytes)
Event: 0.864 Thread 0x0000019820359b30 nmethod 481 0x0000019816c96490 code [0x0000019816c96620, 0x0000019816c96738]
Event: 0.864 Thread 0x0000019820359b30  487       4       lombok.patcher.PatchScript::classMatches (41 bytes)
Event: 0.864 Thread 0x000001982039e570  489       3       java.lang.reflect.Modifier::isProtected (12 bytes)
Event: 0.865 Thread 0x000001982039e570 nmethod 489 0x000001980f241f90 code [0x000001980f242120, 0x000001980f242278]
Event: 0.865 Thread 0x000001982039e570  490       3       java.lang.Enum::equals (11 bytes)
Event: 0.865 Thread 0x000001982039e570 nmethod 490 0x000001980f242310 code [0x000001980f2424a0, 0x000001980f242618]
Event: 0.868 Thread 0x000001982039e570  491       3       java.lang.invoke.MemberName::initResolved (53 bytes)
Event: 0.868 Thread 0x000001982039e570 nmethod 491 0x000001980f242690 code [0x000001980f242820, 0x000001980f242998]
Event: 0.876 Thread 0x000001982039e570  494       3       java.util.Arrays::hashCode (44 bytes)
Event: 0.876 Thread 0x000001982039e570 nmethod 494 0x000001980f242a10 code [0x000001980f242bc0, 0x000001980f242dd8]
Event: 0.888 Thread 0x000001982039e570  496       3       java.lang.instrument.ClassFileTransformer::transform (15 bytes)
Event: 0.888 Thread 0x000001982039e570 nmethod 496 0x000001980f242f10 code [0x000001980f2430c0, 0x000001980f243248]
Event: 0.889 Thread 0x000001982039e570  497       3       java.util.zip.Inflater::ensureOpen (47 bytes)
Event: 0.889 Thread 0x000001982039e570 nmethod 497 0x000001980f243390 code [0x000001980f243540, 0x000001980f2437a8]
Event: 0.890 Thread 0x000001982039e570  498       3       jdk.internal.org.objectweb.asm.ByteVector::put12 (64 bytes)
Event: 0.890 Thread 0x000001982039e570 nmethod 498 0x000001980f243890 code [0x000001980f243a40, 0x000001980f243c68]

GC Heap History (0 events):
No events

Dll operation events (8 events):
Event: 0.021 Loaded shared library c:\Users\user\.vscode\extensions\redhat.java-1.18.0-win32-x64\jre\17.0.7-win32-x86_64\bin\java.dll
Event: 0.392 Loaded shared library c:\Users\user\.vscode\extensions\redhat.java-1.18.0-win32-x64\jre\17.0.7-win32-x86_64\bin\zip.dll
Event: 0.395 Loaded shared library C:\Users\user\.vscode\extensions\redhat.java-1.18.0-win32-x64\jre\17.0.7-win32-x86_64\bin\instrument.dll
Event: 0.409 Loaded shared library C:\Users\user\.vscode\extensions\redhat.java-1.18.0-win32-x64\jre\17.0.7-win32-x86_64\bin\net.dll
Event: 0.413 Loaded shared library C:\Users\user\.vscode\extensions\redhat.java-1.18.0-win32-x64\jre\17.0.7-win32-x86_64\bin\nio.dll
Event: 0.434 Loaded shared library C:\Users\user\.vscode\extensions\redhat.java-1.18.0-win32-x64\jre\17.0.7-win32-x86_64\bin\zip.dll
Event: 0.463 Loaded shared library C:\Users\user\.vscode\extensions\redhat.java-1.18.0-win32-x64\jre\17.0.7-win32-x86_64\bin\jimage.dll
Event: 0.571 Loaded shared library c:\Users\user\.vscode\extensions\redhat.java-1.18.0-win32-x64\jre\17.0.7-win32-x86_64\bin\verify.dll

Deoptimization events (20 events):
Event: 0.699 Thread 0x000001980c50fd00 DEOPT PACKING pc=0x0000019816c769dc sp=0x00000066767fe7e0
Event: 0.699 Thread 0x000001980c50fd00 DEOPT UNPACKING pc=0x00000198167266a3 sp=0x00000066767fe770 mode 2
Event: 0.699 Thread 0x000001980c50fd00 Uncommon trap: trap_request=0xffffff45 fr.pc=0x0000019816c7f178 relative=0x0000000000000078
Event: 0.699 Thread 0x000001980c50fd00 Uncommon trap: reason=unstable_if action=reinterpret pc=0x0000019816c7f178 method=java.lang.String.isLatin1()Z @ 10 c2
Event: 0.699 Thread 0x000001980c50fd00 DEOPT PACKING pc=0x0000019816c7f178 sp=0x00000066767ff200
Event: 0.699 Thread 0x000001980c50fd00 DEOPT UNPACKING pc=0x00000198167266a3 sp=0x00000066767ff140 mode 2
Event: 0.701 Thread 0x000001980c50fd00 DEOPT PACKING pc=0x000001980f1e5056 sp=0x00000066767ff1b0
Event: 0.701 Thread 0x000001980c50fd00 DEOPT UNPACKING pc=0x0000019816726e43 sp=0x00000066767fe650 mode 0
Event: 0.702 Thread 0x000001980c50fd00 DEOPT PACKING pc=0x000001980f1bad00 sp=0x00000066767fcea0
Event: 0.702 Thread 0x000001980c50fd00 DEOPT UNPACKING pc=0x0000019816726e43 sp=0x00000066767fc360 mode 0
Event: 0.706 Thread 0x000001980c50fd00 DEOPT PACKING pc=0x000001980f1bad00 sp=0x00000066767fcca0
Event: 0.706 Thread 0x000001980c50fd00 DEOPT UNPACKING pc=0x0000019816726e43 sp=0x00000066767fc160 mode 0
Event: 0.733 Thread 0x000001980c50fd00 Uncommon trap: trap_request=0xffffff45 fr.pc=0x0000019816c7e658 relative=0x0000000000000578
Event: 0.733 Thread 0x000001980c50fd00 Uncommon trap: reason=unstable_if action=reinterpret pc=0x0000019816c7e658 method=java.util.HashMap.putVal(ILjava/lang/Object;Ljava/lang/Object;ZZ)Ljava/lang/Object; @ 181 c2
Event: 0.733 Thread 0x000001980c50fd00 DEOPT PACKING pc=0x0000019816c7e658 sp=0x00000066767fe040
Event: 0.733 Thread 0x000001980c50fd00 DEOPT UNPACKING pc=0x00000198167266a3 sp=0x00000066767fdfb0 mode 2
Event: 0.801 Thread 0x000001980c50fd00 Uncommon trap: trap_request=0xffffff45 fr.pc=0x0000019816c84244 relative=0x00000000000000c4
Event: 0.801 Thread 0x000001980c50fd00 Uncommon trap: reason=unstable_if action=reinterpret pc=0x0000019816c84244 method=java.net.URI.match(CJJ)Z @ 45 c2
Event: 0.801 Thread 0x000001980c50fd00 DEOPT PACKING pc=0x0000019816c84244 sp=0x00000066767fccc0
Event: 0.801 Thread 0x000001980c50fd00 DEOPT UNPACKING pc=0x00000198167266a3 sp=0x00000066767fcc48 mode 2

Classes unloaded (0 events):
No events

Classes redefined (0 events):
No events

Internal exceptions (2 events):
Event: 0.356 Thread 0x000001980c50fd00 Exception <a 'java/lang/NoSuchMethodError'{0x00000000eacb2640}: 'void java.lang.invoke.DirectMethodHandle$Holder.invokeStatic(java.lang.Object, java.lang.Object, java.lang.Object)'> (0x00000000eacb2640) 
thrown [s\src\hotspot\share\interpreter\linkResolver.cpp, line 759]
Event: 0.615 Thread 0x000001980c50fd00 Exception <a 'java/lang/reflect/InvocationTargetException'{0x00000000eaf77fb0}> (0x00000000eaf77fb0) 
thrown [s\src\hotspot\share\runtime\reflection.cpp, line 1121]

VM Operations (4 events):
Event: 0.364 Executing VM operation: HandshakeAllThreads
Event: 0.364 Executing VM operation: HandshakeAllThreads done
Event: 0.507 Executing VM operation: HandshakeAllThreads
Event: 0.507 Executing VM operation: HandshakeAllThreads done

Events (20 events):
Event: 0.885 loading class java/util/Arrays$LegacyMergeSort
Event: 0.886 loading class java/util/Arrays$LegacyMergeSort done
Event: 0.886 loading class java/util/TimSort
Event: 0.886 loading class java/util/TimSort done
Event: 0.886 loading class jdk/internal/jimage/decompressor/ResourceDecompressor$StringsProvider
Event: 0.886 loading class jdk/internal/jimage/decompressor/ResourceDecompressor$StringsProvider done
Event: 0.887 loading class jdk/internal/jimage/decompressor/CompressedResourceHeader
Event: 0.887 loading class jdk/internal/jimage/decompressor/CompressedResourceHeader done
Event: 0.887 loading class jdk/internal/jimage/decompressor/ResourceDecompressorRepository
Event: 0.887 loading class jdk/internal/jimage/decompressor/ResourceDecompressorRepository done
Event: 0.887 loading class jdk/internal/jimage/decompressor/ZipDecompressorFactory
Event: 0.888 loading class jdk/internal/jimage/decompressor/ResourceDecompressorFactory
Event: 0.888 loading class jdk/internal/jimage/decompressor/ResourceDecompressorFactory done
Event: 0.888 loading class jdk/internal/jimage/decompressor/ZipDecompressorFactory done
Event: 0.888 loading class jdk/internal/jimage/decompressor/StringSharingDecompressorFactory
Event: 0.888 loading class jdk/internal/jimage/decompressor/StringSharingDecompressorFactory done
Event: 0.888 loading class jdk/internal/jimage/decompressor/ZipDecompressor
Event: 0.888 loading class jdk/internal/jimage/decompressor/ResourceDecompressor
Event: 0.888 loading class jdk/internal/jimage/decompressor/ResourceDecompressor done
Event: 0.888 loading class jdk/internal/jimage/decompressor/ZipDecompressor done


Dynamic libraries:
0x00007ff623200000 - 0x00007ff62320e000 	c:\Users\user\.vscode\extensions\redhat.java-1.18.0-win32-x64\jre\17.0.7-win32-x86_64\bin\java.exe
0x00007ffc4ab50000 - 0x00007ffc4ad48000 	C:\Windows\SYSTEM32\ntdll.dll
0x00007ffc4a830000 - 0x00007ffc4a8ef000 	C:\Windows\System32\KERNEL32.DLL
0x00007ffc48260000 - 0x00007ffc4853a000 	C:\Windows\System32\KERNELBASE.dll
0x00007ffc487b0000 - 0x00007ffc488b0000 	C:\Windows\System32\ucrtbase.dll
0x00007ffc42020000 - 0x00007ffc42037000 	c:\Users\user\.vscode\extensions\redhat.java-1.18.0-win32-x64\jre\17.0.7-win32-x86_64\bin\jli.dll
0x00007ffc491d0000 - 0x00007ffc4936d000 	C:\Windows\System32\USER32.dll
0x00007ffc489f0000 - 0x00007ffc48a12000 	C:\Windows\System32\win32u.dll
0x00007ffc4a350000 - 0x00007ffc4a37b000 	C:\Windows\System32\GDI32.dll
0x00007ffc48540000 - 0x00007ffc48650000 	C:\Windows\System32\gdi32full.dll
0x00007ffc488e0000 - 0x00007ffc4897d000 	C:\Windows\System32\msvcp_win.dll
0x00007ffc425d0000 - 0x00007ffc425e9000 	c:\Users\user\.vscode\extensions\redhat.java-1.18.0-win32-x64\jre\17.0.7-win32-x86_64\bin\VCRUNTIME140.dll
0x00007ffc37f70000 - 0x00007ffc3820a000 	C:\Windows\WinSxS\amd64_microsoft.windows.common-controls_6595b64144ccf1df_6.0.19041.1110_none_60b5254171f9507e\COMCTL32.dll
0x00007ffc49370000 - 0x00007ffc4940e000 	C:\Windows\System32\msvcrt.dll
0x00007ffc49410000 - 0x00007ffc49440000 	C:\Windows\System32\IMM32.DLL
0x00007ffc42010000 - 0x00007ffc4201c000 	c:\Users\user\.vscode\extensions\redhat.java-1.18.0-win32-x64\jre\17.0.7-win32-x86_64\bin\vcruntime140_1.dll
0x00007ffc41f70000 - 0x00007ffc42001000 	c:\Users\user\.vscode\extensions\redhat.java-1.18.0-win32-x64\jre\17.0.7-win32-x86_64\bin\msvcp140.dll
0x00007ffbb96a0000 - 0x00007ffbba2e8000 	c:\Users\user\.vscode\extensions\redhat.java-1.18.0-win32-x64\jre\17.0.7-win32-x86_64\bin\server\jvm.dll
0x00007ffc4a1a0000 - 0x00007ffc4a24e000 	C:\Windows\System32\ADVAPI32.dll
0x00007ffc48bb0000 - 0x00007ffc48c4c000 	C:\Windows\System32\sechost.dll
0x00007ffc4a380000 - 0x00007ffc4a4a6000 	C:\Windows\System32\RPCRT4.dll
0x00007ffc33d10000 - 0x00007ffc33d19000 	C:\Windows\SYSTEM32\WSOCK32.dll
0x00007ffc4a8f0000 - 0x00007ffc4a95b000 	C:\Windows\System32\WS2_32.dll
0x00007ffc2d070000 - 0x00007ffc2d097000 	C:\Windows\SYSTEM32\WINMM.dll
0x00007ffc3ccd0000 - 0x00007ffc3ccda000 	C:\Windows\SYSTEM32\VERSION.dll
0x00007ffc460e0000 - 0x00007ffc460f2000 	C:\Windows\SYSTEM32\kernel.appcore.dll
0x00007ffc30280000 - 0x00007ffc3028a000 	c:\Users\user\.vscode\extensions\redhat.java-1.18.0-win32-x64\jre\17.0.7-win32-x86_64\bin\jimage.dll
0x00007ffc3f130000 - 0x00007ffc3f314000 	C:\Windows\SYSTEM32\DBGHELP.DLL
0x00007ffc31ec0000 - 0x00007ffc31ef4000 	C:\Windows\SYSTEM32\dbgcore.DLL
0x00007ffc48ad0000 - 0x00007ffc48b52000 	C:\Windows\System32\bcryptPrimitives.dll
0x00007ffc301f0000 - 0x00007ffc301fe000 	c:\Users\user\.vscode\extensions\redhat.java-1.18.0-win32-x64\jre\17.0.7-win32-x86_64\bin\instrument.dll
0x00007ffc2d730000 - 0x00007ffc2d755000 	c:\Users\user\.vscode\extensions\redhat.java-1.18.0-win32-x64\jre\17.0.7-win32-x86_64\bin\java.dll
0x00007ffc2fcb0000 - 0x00007ffc2fcc8000 	c:\Users\user\.vscode\extensions\redhat.java-1.18.0-win32-x64\jre\17.0.7-win32-x86_64\bin\zip.dll
0x00007ffc498d0000 - 0x00007ffc4a014000 	C:\Windows\System32\SHELL32.dll
0x00007ffc462e0000 - 0x00007ffc46a73000 	C:\Windows\SYSTEM32\windows.storage.dll
0x00007ffc49560000 - 0x00007ffc498b4000 	C:\Windows\System32\combase.dll
0x00007ffc47b00000 - 0x00007ffc47b2e000 	C:\Windows\SYSTEM32\Wldp.dll
0x00007ffc49120000 - 0x00007ffc491cd000 	C:\Windows\System32\SHCORE.dll
0x00007ffc4aab0000 - 0x00007ffc4ab05000 	C:\Windows\System32\shlwapi.dll
0x00007ffc481a0000 - 0x00007ffc481bf000 	C:\Windows\SYSTEM32\profapi.dll
0x00007ffc2d710000 - 0x00007ffc2d729000 	C:\Users\user\.vscode\extensions\redhat.java-1.18.0-win32-x64\jre\17.0.7-win32-x86_64\bin\net.dll
0x00007ffc379e0000 - 0x00007ffc37aea000 	C:\Windows\SYSTEM32\WINHTTP.dll
0x00007ffc478e0000 - 0x00007ffc4794a000 	C:\Windows\system32\mswsock.dll
0x00007ffc27f50000 - 0x00007ffc27f65000 	C:\Users\user\.vscode\extensions\redhat.java-1.18.0-win32-x64\jre\17.0.7-win32-x86_64\bin\nio.dll
0x00007ffc301e0000 - 0x00007ffc301f0000 	c:\Users\user\.vscode\extensions\redhat.java-1.18.0-win32-x64\jre\17.0.7-win32-x86_64\bin\verify.dll

dbghelp: loaded successfully - version: 4.0.5 - missing functions: none
symbol engine: initialized successfully - sym options: 0x614 - pdb path: .;c:\Users\user\.vscode\extensions\redhat.java-1.18.0-win32-x64\jre\17.0.7-win32-x86_64\bin;C:\Windows\SYSTEM32;C:\Windows\WinSxS\amd64_microsoft.windows.common-controls_6595b64144ccf1df_6.0.19041.1110_none_60b5254171f9507e;c:\Users\user\.vscode\extensions\redhat.java-1.18.0-win32-x64\jre\17.0.7-win32-x86_64\bin\server

VM Arguments:
jvm_args: --add-modules=ALL-SYSTEM --add-opens=java.base/java.util=ALL-UNNAMED --add-opens=java.base/java.lang=ALL-UNNAMED --add-opens=java.base/sun.nio.fs=ALL-UNNAMED -Declipse.application=org.eclipse.jdt.ls.core.id1 -Dosgi.bundles.defaultStartLevel=4 -Declipse.product=org.eclipse.jdt.ls.core.product -Djava.import.generatesMetadataFilesAtProjectRoot=false -Dfile.encoding=utf8 -XX:+UseParallelGC -XX:GCTimeRatio=4 -XX:AdaptiveSizePolicyWeight=90 -Dsun.zip.disableMemoryMapping=true -Xmx1G -Xms100m -Xlog:disable -javaagent:c:\Users\user\.vscode\extensions\redhat.java-1.18.0-win32-x64\lombok\lombok-1.18.27.jar 
java_command: c:\Users\user\.vscode\extensions\redhat.java-1.18.0-win32-x64\server\plugins\org.eclipse.equinox.launcher_1.6.400.v20210924-0641.jar -configuration c:\Users\user\AppData\Roaming\Code\User\globalStorage\redhat.java\1.18.0\config_ss_win -data c:\Users\user\AppData\Roaming\Code\User\workspaceStorage\a2cafa31c3caf9654530cf07dd138e31\redhat.java\ss_ws
java_class_path (initial): c:\Users\user\.vscode\extensions\redhat.java-1.18.0-win32-x64\server\plugins\org.eclipse.equinox.launcher_1.6.400.v20210924-0641.jar
Launcher Type: SUN_STANDARD

[Global flags]
    uintx AdaptiveSizePolicyWeight                 = 90                                        {product} {command line}
     intx CICompilerCount                          = 3                                         {product} {ergonomic}
    uintx GCTimeRatio                              = 4                                         {product} {command line}
   size_t InitialHeapSize                          = 104857600                                 {product} {command line}
   size_t MaxHeapSize                              = 1073741824                                {product} {command line}
   size_t MaxNewSize                               = 357564416                                 {product} {ergonomic}
   size_t MinHeapDeltaBytes                        = 524288                                    {product} {ergonomic}
   size_t MinHeapSize                              = 104857600                                 {product} {command line}
   size_t NewSize                                  = 34603008                                  {product} {ergonomic}
    uintx NonNMethodCodeHeapSize                   = 5832780                                {pd product} {ergonomic}
    uintx NonProfiledCodeHeapSize                  = 122912730                              {pd product} {ergonomic}
   size_t OldSize                                  = 70254592                                  {product} {ergonomic}
    uintx ProfiledCodeHeapSize                     = 122912730                              {pd product} {ergonomic}
    uintx ReservedCodeCacheSize                    = 251658240                              {pd product} {ergonomic}
     bool SegmentedCodeCache                       = true                                      {product} {ergonomic}
   size_t SoftMaxHeapSize                          = 1073741824                             {manageable} {ergonomic}
     bool UseCompressedClassPointers               = true                           {product lp64_product} {ergonomic}
     bool UseCompressedOops                        = true                           {product lp64_product} {ergonomic}
     bool UseLargePagesIndividualAllocation        = false                                  {pd product} {ergonomic}
     bool UseParallelGC                            = true                                      {product} {command line}

Logging:
Log output configuration:
 #0: stdout all=off uptime,level,tags
 #1: stderr all=off uptime,level,tags

Environment Variables:
JAVA_HOME=C:\Program Files\Java\jdk-17
PATH=C:\Program Files\Common Files\Oracle\Java\javapath;C:\Windows\system32;C:\Windows;C:\Windows\System32\Wbem;C:\Windows\System32\WindowsPowerShell\v1.0\;C:\Windows\System32\OpenSSH\;C:\Program Files (x86)\Microsoft SQL Server\160\Tools\Binn\;C:\Program Files\Microsoft SQL Server\160\Tools\Binn\;C:\Program Files\Microsoft SQL Server\Client SDK\ODBC\170\Tools\Binn\;C:\Program Files\Microsoft SQL Server\160\DTS\Binn\;C:\Program Files (x86)\Microsoft SQL Server\160\DTS\Binn\;C:\Program Files\Azure Data Studio\bin;C:\Program Files\Docker\Docker\resources\bin;C:\Softwares\apache-zookeeper-3.8.1-bin\bin;C:\Program Files\Java\jdk-17\bin;C:\Program Files\nodejs\;C:\Program Files\Git\cmd;C:\Program Files\MySQL\MySQL Shell 8.0\bin\;C:\Users\user\AppData\Local\Microsoft\WindowsApps;C:\Program Files\Azure Data Studio\bin;C:\Program Files\JetBrains\IntelliJ IDEA Community Edition 2023.1\bin;;C:\Users\user\AppData\Local\Programs\Microsoft VS Code\bin;C:\Program Files\Java\jdk-17\bin;C:\Users\user\AppData\Roaming\npm
USERNAME=user
OS=Windows_NT
PROCESSOR_IDENTIFIER=Intel64 Family 6 Model 78 Stepping 3, GenuineIntel
TMP=C:\Users\user\AppData\Local\Temp
TEMP=C:\Users\user\AppData\Local\Temp



---------------  S Y S T E M  ---------------

OS:
 Windows 10 , 64 bit Build 19041 (10.0.19041.2788)
OS uptime: 22 days 18:54 hours
Hyper-V role detected

CPU: total 4 (initial active 4) (2 cores per cpu, 2 threads per core) family 6 model 78 stepping 3 microcode 0xcc, cx8, cmov, fxsr, ht, mmx, 3dnowpref, sse, sse2, sse3, ssse3, sse4.1, sse4.2, popcnt, lzcnt, tsc, tscinvbit, avx, avx2, aes, erms, clmul, bmi1, bmi2, rtm, adx, fma, vzeroupper, clflush, clflushopt, hv

Memory: 4k page, system-wide physical 8083M (328M free)
TotalPageFile size 28905M (AvailPageFile size 0M)
current process WorkingSet (physical memory assigned to process): 50M, peak: 50M
current process commit charge ("private bytes"): 179M, peak: 179M

vm_info: OpenJDK 64-Bit Server VM (17.0.7+7) for windows-amd64 JRE (17.0.7+7), built on Apr 18 2023 22:10:42 by "temurin" with MS VC++ 16.7 (VS2019)

END.
