#
# There is insufficient memory for the Java Runtime Environment to continue.
# Native memory allocation (malloc) failed to allocate 666352 bytes for Chunk::new
# Possible reasons:
#   The system is out of physical RAM or swap space
#   The process is running with CompressedOops enabled, and the Java Heap may be blocking the growth of the native heap
# Possible solutions:
#   Reduce memory load on the system
#   Increase physical memory or swap space
#   Check if swap backing store is full
#   Decrease Java heap size (-Xmx/-Xms)
#   Decrease number of Java threads
#   Decrease Java thread stack sizes (-Xss)
#   Set larger code cache with -XX:ReservedCodeCacheSize=
#   JVM is running with Unscaled Compressed Oops mode in which the Java heap is
#     placed in the first 4GB address space. The Java Heap base address is the
#     maximum limit for the native heap growth. Please use -XX:HeapBaseMinAddress
#     to set the Java Heap base and to place the Java Heap above 4GB virtual address.
# This output file may be truncated or incomplete.
#
#  Out of Memory Error (arena.cpp:189), pid=24300, tid=17404
#
# JRE version: OpenJDK Runtime Environment Temurin-17.0.7+7 (17.0.7+7) (build 17.0.7+7)
# Java VM: OpenJDK 64-Bit Server VM Temurin-17.0.7+7 (17.0.7+7, mixed mode, tiered, compressed oops, compressed class ptrs, parallel gc, windows-amd64)
# No core dump will be written. Minidumps are not enabled by default on client versions of Windows
#

---------------  S U M M A R Y ------------

Command Line: --add-modules=ALL-SYSTEM --add-opens=java.base/java.util=ALL-UNNAMED --add-opens=java.base/java.lang=ALL-UNNAMED --add-opens=java.base/sun.nio.fs=ALL-UNNAMED -Declipse.application=org.eclipse.jdt.ls.core.id1 -Dosgi.bundles.defaultStartLevel=4 -Declipse.product=org.eclipse.jdt.ls.core.product -Djava.import.generatesMetadataFilesAtProjectRoot=false -Dfile.encoding=utf8 -XX:+UseParallelGC -XX:GCTimeRatio=4 -XX:AdaptiveSizePolicyWeight=90 -Dsun.zip.disableMemoryMapping=true -Xmx1G -Xms100m -Xlog:disable -javaagent:c:\Users\user\.vscode\extensions\redhat.java-1.18.0-win32-x64\lombok\lombok-1.18.27.jar -XX:+HeapDumpOnOutOfMemoryError -XX:HeapDumpPath=c:\Users\user\AppData\Roaming\Code\User\workspaceStorage\a2cafa31c3caf9654530cf07dd138e31\redhat.java -Daether.dependencyCollector.impl=bf c:\Users\user\.vscode\extensions\redhat.java-1.18.0-win32-x64\server\plugins\org.eclipse.equinox.launcher_1.6.400.v20210924-0641.jar -configuration c:\Users\user\AppData\Roaming\Code\User\globalStorage\redhat.java\1.18.0\config_win -data c:\Users\user\AppData\Roaming\Code\User\workspaceStorage\a2cafa31c3caf9654530cf07dd138e31\redhat.java\jdt_ws

Host: Intel(R) Core(TM) i5-6300U CPU @ 2.40GHz, 4 cores, 7G,  Windows 10 , 64 bit Build 19041 (10.0.19041.2788)
Time: Fri May 19 16:41:44 2023 India Standard Time elapsed time: 5.497892 seconds (0d 0h 0m 5s)

---------------  T H R E A D  ---------------

Current thread (0x000001d07986ee40):  JavaThread "C2 CompilerThread0" daemon [_thread_in_native, id=17404, stack(0x0000007394300000,0x0000007394400000)]


Current CompileTask:
C2:   5497 1450       4       java.io.WinNTFileSystem::normalize (143 bytes)

Stack: [0x0000007394300000,0x0000007394400000]
Native frames: (J=compiled Java code, j=interpreted, Vv=VM code, C=native code)
V  [jvm.dll+0x67754a]
V  [jvm.dll+0x834304]
V  [jvm.dll+0x835aae]
V  [jvm.dll+0x836113]
V  [jvm.dll+0x24696f]
V  [jvm.dll+0xac0ac]
V  [jvm.dll+0xac67c]
V  [jvm.dll+0x364e37]
V  [jvm.dll+0x32f6b1]
V  [jvm.dll+0x32eb5a]
V  [jvm.dll+0x219641]
V  [jvm.dll+0x218a61]
V  [jvm.dll+0x1a4d8d]
V  [jvm.dll+0x2284da]
V  [jvm.dll+0x226615]
V  [jvm.dll+0x7ea90b]
V  [jvm.dll+0x7e4e7a]
V  [jvm.dll+0x676395]
C  [ucrtbase.dll+0x21bb2]
C  [KERNEL32.DLL+0x17604]
C  [ntdll.dll+0x526a1]


---------------  P R O C E S S  ---------------

Threads class SMR info:
_java_thread_list=0x000001d07f48adc0, length=13, elements={
0x000001d065a23fe0, 0x000001d079840740, 0x000001d079842750, 0x000001d079868170,
0x000001d079868ef0, 0x000001d079869c70, 0x000001d07986dab0, 0x000001d07986ee40,
0x000001d07eac0060, 0x000001d0798ae7b0, 0x000001d079730b80, 0x000001d07ed8ee80,
0x000001d07f499e00
}

Java Threads: ( => current thread )
  0x000001d065a23fe0 JavaThread "main" [_thread_in_native, id=10264, stack(0x0000007393a00000,0x0000007393b00000)]
  0x000001d079840740 JavaThread "Reference Handler" daemon [_thread_blocked, id=3100, stack(0x0000007393d00000,0x0000007393e00000)]
  0x000001d079842750 JavaThread "Finalizer" daemon [_thread_blocked, id=8116, stack(0x0000007393e00000,0x0000007393f00000)]
  0x000001d079868170 JavaThread "Signal Dispatcher" daemon [_thread_blocked, id=9736, stack(0x0000007393f00000,0x0000007394000000)]
  0x000001d079868ef0 JavaThread "Attach Listener" daemon [_thread_blocked, id=17728, stack(0x0000007394000000,0x0000007394100000)]
  0x000001d079869c70 JavaThread "Service Thread" daemon [_thread_blocked, id=24052, stack(0x0000007394100000,0x0000007394200000)]
  0x000001d07986dab0 JavaThread "Monitor Deflation Thread" daemon [_thread_blocked, id=6396, stack(0x0000007394200000,0x0000007394300000)]
=>0x000001d07986ee40 JavaThread "C2 CompilerThread0" daemon [_thread_in_native, id=17404, stack(0x0000007394300000,0x0000007394400000)]
  0x000001d07eac0060 JavaThread "C1 CompilerThread0" daemon [_thread_blocked, id=21444, stack(0x0000007394400000,0x0000007394500000)]
  0x000001d0798ae7b0 JavaThread "Sweeper thread" daemon [_thread_blocked, id=4168, stack(0x0000007394500000,0x0000007394600000)]
  0x000001d079730b80 JavaThread "Common-Cleaner" daemon [_thread_blocked, id=15780, stack(0x0000007394600000,0x0000007394700000)]
  0x000001d07ed8ee80 JavaThread "Notification Thread" daemon [_thread_blocked, id=21400, stack(0x0000007394700000,0x0000007394800000)]
  0x000001d07f499e00 JavaThread "Active Thread: Equinox Container: ad6e1180-e56c-4398-95f6-9ff02987b398" [_thread_blocked, id=15924, stack(0x0000007394c00000,0x0000007394d00000)]

Other Threads:
  0x000001d079828450 VMThread "VM Thread" [stack: 0x0000007393c00000,0x0000007393d00000] [id=10684]
  0x000001d07edb5020 WatcherThread [stack: 0x0000007394800000,0x0000007394900000] [id=20528]
  0x000001d065a3a2e0 GCTaskThread "GC Thread#0" [stack: 0x0000007393b00000,0x0000007393c00000] [id=17352]
  0x000001d07f261bb0 GCTaskThread "GC Thread#1" [stack: 0x0000007394900000,0x0000007394a00000] [id=24264]
  0x000001d07f202120 GCTaskThread "GC Thread#2" [stack: 0x0000007394a00000,0x0000007394b00000] [id=20524]
  0x000001d07f2027e0 GCTaskThread "GC Thread#3" [stack: 0x0000007394b00000,0x0000007394c00000] [id=1196]

Threads with active compile tasks:
C2 CompilerThread0     5551 1450       4       java.io.WinNTFileSystem::normalize (143 bytes)

VM state: not at safepoint (normal execution)

VM Mutex/Monitor currently owned by a thread: None

Heap address: 0x00000000c0000000, size: 1024 MB, Compressed Oops mode: 32-bit

CDS archive(s) not mapped
Compressed class space mapped at: 0x0000000100000000-0x0000000140000000, reserved size: 1073741824
Narrow klass base: 0x0000000000000000, Narrow klass shift: 3, Narrow klass range: 0x140000000

GC Precious Log:
 CPUs: 4 total, 4 available
 Memory: 8083M
 Large Page Support: Disabled
 NUMA Support: Disabled
 Compressed Oops: Enabled (32-bit)
 Alignments: Space 512K, Generation 512K, Heap 2M
 Heap Min Capacity: 100M
 Heap Initial Capacity: 100M
 Heap Max Capacity: 1G
 Pre-touch: Disabled
 Parallel Workers: 4

Heap:
 PSYoungGen      total 29696K, used 21629K [0x00000000eab00000, 0x00000000ecc00000, 0x0000000100000000)
  eden space 25600K, 72% used [0x00000000eab00000,0x00000000ebd05090,0x00000000ec400000)
  from space 4096K, 77% used [0x00000000ec400000,0x00000000ec71a3a8,0x00000000ec800000)
  to   space 4096K, 0% used [0x00000000ec800000,0x00000000ec800000,0x00000000ecc00000)
 ParOldGen       total 68608K, used 8K [0x00000000c0000000, 0x00000000c4300000, 0x00000000eab00000)
  object space 68608K, 0% used [0x00000000c0000000,0x00000000c0002000,0x00000000c4300000)
 Metaspace       used 13687K, committed 13888K, reserved 1114112K
  class space    used 1354K, committed 1472K, reserved 1048576K

Card table byte_map: [0x000001d065400000,0x000001d065610000] _byte_map_base: 0x000001d064e00000

Marking Bits: (ParMarkBitMap*) 0x00007ffbba2252c0
 Begin Bits: [0x000001d0776b0000, 0x000001d0786b0000)
 End Bits:   [0x000001d0786b0000, 0x000001d0796b0000)

Polling page: 0x000001d0651f0000

Metaspace:

Usage:
  Non-class:     12.04 MB used.
      Class:      1.32 MB used.
       Both:     13.37 MB used.

Virtual space:
  Non-class space:       64.00 MB reserved,      12.12 MB ( 19%) committed,  1 nodes.
      Class space:        1.00 GB reserved,       1.44 MB ( <1%) committed,  1 nodes.
             Both:        1.06 GB reserved,      13.56 MB (  1%) committed. 

Chunk freelists:
   Non-Class:  3.34 MB
       Class:  14.48 MB
        Both:  17.83 MB

MaxMetaspaceSize: unlimited
CompressedClassSpaceSize: 1.00 GB
Initial GC threshold: 21.00 MB
Current GC threshold: 21.00 MB
CDS: off
MetaspaceReclaimPolicy: balanced
 - commit_granule_bytes: 65536.
 - commit_granule_words: 8192.
 - virtual_space_node_default_size: 8388608.
 - enlarge_chunks_in_place: 1.
 - new_chunks_are_fully_committed: 0.
 - uncommit_free_chunks: 1.
 - use_allocation_guard: 0.
 - handle_deallocations: 1.


Internal statistics:

num_allocs_failed_limit: 0.
num_arena_births: 56.
num_arena_deaths: 0.
num_vsnodes_births: 2.
num_vsnodes_deaths: 0.
num_space_committed: 217.
num_space_uncommitted: 0.
num_chunks_returned_to_freelist: 0.
num_chunks_taken_from_freelist: 215.
num_chunk_merges: 0.
num_chunk_splits: 148.
num_chunks_enlarged: 121.
num_inconsistent_stats: 0.

CodeHeap 'non-profiled nmethods': size=120000Kb used=529Kb max_used=529Kb free=119470Kb
 bounds [0x000001d070180000, 0x000001d0703f0000, 0x000001d0776b0000]
CodeHeap 'profiled nmethods': size=120000Kb used=2621Kb max_used=2621Kb free=117378Kb
 bounds [0x000001d0686b0000, 0x000001d068940000, 0x000001d06fbe0000]
CodeHeap 'non-nmethods': size=5760Kb used=1160Kb max_used=1183Kb free=4599Kb
 bounds [0x000001d06fbe0000, 0x000001d06fe50000, 0x000001d070180000]
 total_blobs=1900 nmethods=1450 adapters=364
 compilation: enabled
              stopped_count=0, restarted_count=0
 full_count=0

Compilation events (20 events):
Event: 4.808 Thread 0x000001d07eac0060 nmethod 1441 0x000001d070201690 code [0x000001d070201820, 0x000001d0702018f8]
Event: 4.853 Thread 0x000001d07eac0060 1442       3       java.lang.ThreadLocal$ThreadLocalMap::getEntry (42 bytes)
Event: 4.854 Thread 0x000001d07eac0060 nmethod 1442 0x000001d06893b110 code [0x000001d06893b2e0, 0x000001d06893b6b8]
Event: 4.912 Thread 0x000001d07eac0060 1443       3       java.lang.StringBuilder::append (10 bytes)
Event: 4.913 Thread 0x000001d07eac0060 nmethod 1443 0x000001d06893b890 code [0x000001d06893ba20, 0x000001d06893bb68]
Event: 4.913 Thread 0x000001d07eac0060 1444       3       java.lang.AbstractStringBuilder::append (63 bytes)
Event: 4.913 Thread 0x000001d07eac0060 nmethod 1444 0x000001d06893bc10 code [0x000001d06893be00, 0x000001d06893c348]
Event: 4.913 Thread 0x000001d07eac0060 1445       3       java.util.Collections::emptySet (4 bytes)
Event: 4.914 Thread 0x000001d07eac0060 nmethod 1445 0x000001d06893c490 code [0x000001d06893c620, 0x000001d06893c718]
Event: 4.945 Thread 0x000001d07eac0060 1446       3       sun.nio.fs.WindowsPathParser::nextNonSlash (24 bytes)
Event: 4.946 Thread 0x000001d07eac0060 nmethod 1446 0x000001d06893c790 code [0x000001d06893c9a0, 0x000001d06893d0f8]
Event: 5.002 Thread 0x000001d07986ee40 1447       4       java.lang.StringBuilder::toString (35 bytes)
Event: 5.006 Thread 0x000001d07986ee40 nmethod 1447 0x000001d070201990 code [0x000001d070201b20, 0x000001d070201f38]
Event: 5.272 Thread 0x000001d07986ee40 1448       4       java.util.concurrent.ConcurrentHashMap::get (162 bytes)
Event: 5.278 Thread 0x000001d07986ee40 nmethod 1448 0x000001d070202110 code [0x000001d0702022a0, 0x000001d070202578]
Event: 5.419 Thread 0x000001d07986ee40 1449 %     4       java.io.WinNTFileSystem::normalize @ 58 (224 bytes)
Event: 5.447 Thread 0x000001d07986ee40 nmethod 1449% 0x000001d070202810 code [0x000001d070202a00, 0x000001d070203bd8]
Event: 5.447 Thread 0x000001d07986ee40 1450       4       java.io.WinNTFileSystem::normalize (143 bytes)
Event: 5.463 Thread 0x000001d07eac0060 1451       3       org.eclipse.osgi.framework.util.SecureAction::getProperty (31 bytes)
Event: 5.464 Thread 0x000001d07eac0060 nmethod 1451 0x000001d06893d410 code [0x000001d06893d6a0, 0x000001d06893e118]

GC Heap History (2 events):
Event: 2.792 GC heap before
{Heap before GC invocations=1 (full 0):
 PSYoungGen      total 29696K, used 25600K [0x00000000eab00000, 0x00000000ecc00000, 0x0000000100000000)
  eden space 25600K, 100% used [0x00000000eab00000,0x00000000ec400000,0x00000000ec400000)
  from space 4096K, 0% used [0x00000000ec800000,0x00000000ec800000,0x00000000ecc00000)
  to   space 4096K, 0% used [0x00000000ec400000,0x00000000ec400000,0x00000000ec800000)
 ParOldGen       total 68608K, used 0K [0x00000000c0000000, 0x00000000c4300000, 0x00000000eab00000)
  object space 68608K, 0% used [0x00000000c0000000,0x00000000c0000000,0x00000000c4300000)
 Metaspace       used 11209K, committed 11392K, reserved 1114112K
  class space    used 1121K, committed 1216K, reserved 1048576K
}
Event: 2.806 GC heap after
{Heap after GC invocations=1 (full 0):
 PSYoungGen      total 29696K, used 3176K [0x00000000eab00000, 0x00000000ecc00000, 0x0000000100000000)
  eden space 25600K, 0% used [0x00000000eab00000,0x00000000eab00000,0x00000000ec400000)
  from space 4096K, 77% used [0x00000000ec400000,0x00000000ec71a3a8,0x00000000ec800000)
  to   space 4096K, 0% used [0x00000000ec800000,0x00000000ec800000,0x00000000ecc00000)
 ParOldGen       total 68608K, used 8K [0x00000000c0000000, 0x00000000c4300000, 0x00000000eab00000)
  object space 68608K, 0% used [0x00000000c0000000,0x00000000c0002000,0x00000000c4300000)
 Metaspace       used 11209K, committed 11392K, reserved 1114112K
  class space    used 1121K, committed 1216K, reserved 1048576K
}

Dll operation events (8 events):
Event: 0.283 Loaded shared library c:\Users\user\.vscode\extensions\redhat.java-1.18.0-win32-x64\jre\17.0.7-win32-x86_64\bin\java.dll
Event: 0.821 Loaded shared library c:\Users\user\.vscode\extensions\redhat.java-1.18.0-win32-x64\jre\17.0.7-win32-x86_64\bin\zip.dll
Event: 0.827 Loaded shared library C:\Users\user\.vscode\extensions\redhat.java-1.18.0-win32-x64\jre\17.0.7-win32-x86_64\bin\instrument.dll
Event: 0.923 Loaded shared library C:\Users\user\.vscode\extensions\redhat.java-1.18.0-win32-x64\jre\17.0.7-win32-x86_64\bin\net.dll
Event: 0.993 Loaded shared library C:\Users\user\.vscode\extensions\redhat.java-1.18.0-win32-x64\jre\17.0.7-win32-x86_64\bin\nio.dll
Event: 1.008 Loaded shared library C:\Users\user\.vscode\extensions\redhat.java-1.18.0-win32-x64\jre\17.0.7-win32-x86_64\bin\zip.dll
Event: 1.039 Loaded shared library C:\Users\user\.vscode\extensions\redhat.java-1.18.0-win32-x64\jre\17.0.7-win32-x86_64\bin\jimage.dll
Event: 1.189 Loaded shared library c:\Users\user\.vscode\extensions\redhat.java-1.18.0-win32-x64\jre\17.0.7-win32-x86_64\bin\verify.dll

Deoptimization events (20 events):
Event: 2.953 Thread 0x000001d065a23fe0 Uncommon trap: trap_request=0xffffff45 fr.pc=0x000001d0701ac9d4 relative=0x0000000000000e14
Event: 2.953 Thread 0x000001d065a23fe0 Uncommon trap: reason=unstable_if action=reinterpret pc=0x000001d0701ac9d4 method=lombok.patcher.PatchScript.classMatches(Ljava/lang/String;Ljava/util/Collection;)Z @ 25 c2
Event: 2.953 Thread 0x000001d065a23fe0 DEOPT PACKING pc=0x000001d0701ac9d4 sp=0x0000007393af8360
Event: 2.953 Thread 0x000001d065a23fe0 DEOPT UNPACKING pc=0x000001d06fc366a3 sp=0x0000007393af82c8 mode 2
Event: 3.042 Thread 0x000001d065a23fe0 Uncommon trap: trap_request=0xffffffc6 fr.pc=0x000001d0701a4758 relative=0x00000000000002b8
Event: 3.042 Thread 0x000001d065a23fe0 Uncommon trap: reason=bimorphic_or_optimized_type_check action=maybe_recompile pc=0x000001d0701a4758 method=java.util.Collections$UnmodifiableCollection$1.next()Ljava/lang/Object; @ 4 c2
Event: 3.042 Thread 0x000001d065a23fe0 DEOPT PACKING pc=0x000001d0701a4758 sp=0x0000007393af7e00
Event: 3.042 Thread 0x000001d065a23fe0 DEOPT UNPACKING pc=0x000001d06fc366a3 sp=0x0000007393af7db0 mode 2
Event: 3.042 Thread 0x000001d065a23fe0 Uncommon trap: trap_request=0xffffffc6 fr.pc=0x000001d0701a4758 relative=0x00000000000002b8
Event: 3.042 Thread 0x000001d065a23fe0 Uncommon trap: reason=bimorphic_or_optimized_type_check action=maybe_recompile pc=0x000001d0701a4758 method=java.util.Collections$UnmodifiableCollection$1.next()Ljava/lang/Object; @ 4 c2
Event: 3.042 Thread 0x000001d065a23fe0 DEOPT PACKING pc=0x000001d0701a4758 sp=0x0000007393af7e00
Event: 3.042 Thread 0x000001d065a23fe0 DEOPT UNPACKING pc=0x000001d06fc366a3 sp=0x0000007393af7db0 mode 2
Event: 3.493 Thread 0x000001d065a23fe0 Uncommon trap: trap_request=0xffffffde fr.pc=0x000001d0701da820 relative=0x00000000000009e0
Event: 3.493 Thread 0x000001d065a23fe0 Uncommon trap: reason=class_check action=maybe_recompile pc=0x000001d0701da820 method=java.util.HashMap.putVal(ILjava/lang/Object;Ljava/lang/Object;ZZ)Ljava/lang/Object; @ 253 c2
Event: 3.493 Thread 0x000001d065a23fe0 DEOPT PACKING pc=0x000001d0701da820 sp=0x0000007393afdcc0
Event: 3.493 Thread 0x000001d065a23fe0 DEOPT UNPACKING pc=0x000001d06fc366a3 sp=0x0000007393afdbe8 mode 2
Event: 3.496 Thread 0x000001d065a23fe0 Uncommon trap: trap_request=0xffffffde fr.pc=0x000001d0701da820 relative=0x00000000000009e0
Event: 3.496 Thread 0x000001d065a23fe0 Uncommon trap: reason=class_check action=maybe_recompile pc=0x000001d0701da820 method=java.util.HashMap.putVal(ILjava/lang/Object;Ljava/lang/Object;ZZ)Ljava/lang/Object; @ 253 c2
Event: 3.496 Thread 0x000001d065a23fe0 DEOPT PACKING pc=0x000001d0701da820 sp=0x0000007393afdcc0
Event: 3.496 Thread 0x000001d065a23fe0 DEOPT UNPACKING pc=0x000001d06fc366a3 sp=0x0000007393afdbe8 mode 2

Classes unloaded (0 events):
No events

Classes redefined (0 events):
No events

Internal exceptions (20 events):
Event: 1.958 Thread 0x000001d065a23fe0 Exception <a 'java/io/FileNotFoundException'{0x00000000eb7946a0}> (0x00000000eb7946a0) 
thrown [s\src\hotspot\share\prims\jni.cpp, line 516]
Event: 1.958 Thread 0x000001d065a23fe0 Exception <a 'java/io/FileNotFoundException'{0x00000000eb7953b0}> (0x00000000eb7953b0) 
thrown [s\src\hotspot\share\prims\jni.cpp, line 516]
Event: 1.959 Thread 0x000001d065a23fe0 Exception <a 'java/io/FileNotFoundException'{0x00000000eb7960a0}> (0x00000000eb7960a0) 
thrown [s\src\hotspot\share\prims\jni.cpp, line 516]
Event: 1.959 Thread 0x000001d065a23fe0 Exception <a 'java/io/FileNotFoundException'{0x00000000eb796d60}> (0x00000000eb796d60) 
thrown [s\src\hotspot\share\prims\jni.cpp, line 516]
Event: 1.978 Thread 0x000001d065a23fe0 Implicit null exception at 0x000001d0701b0af2 to 0x000001d0701b1040
Event: 1.985 Thread 0x000001d065a23fe0 Exception <a 'java/io/FileNotFoundException'{0x00000000eb7cfbb8}> (0x00000000eb7cfbb8) 
thrown [s\src\hotspot\share\prims\jni.cpp, line 516]
Event: 2.490 Thread 0x000001d065a23fe0 Exception <a 'java/lang/ClassNotFoundException'{0x00000000ebff91f8}: sun/net/www/protocol/c/Handler> (0x00000000ebff91f8) 
thrown [s\src\hotspot\share\classfile\systemDictionary.cpp, line 256]
Event: 2.491 Thread 0x000001d065a23fe0 Exception <a 'java/lang/ClassNotFoundException'{0x00000000ebffa540}: sun/net/www/protocol/d/Handler> (0x00000000ebffa540) 
thrown [s\src\hotspot\share\classfile\systemDictionary.cpp, line 256]
Event: 2.492 Thread 0x000001d065a23fe0 Exception <a 'java/lang/ClassNotFoundException'{0x00000000ebffb6b8}: sun/net/www/protocol/c/Handler> (0x00000000ebffb6b8) 
thrown [s\src\hotspot\share\classfile\systemDictionary.cpp, line 256]
Event: 2.509 Thread 0x000001d065a23fe0 Exception <a 'java/io/FileNotFoundException'{0x00000000ec021ad0}> (0x00000000ec021ad0) 
thrown [s\src\hotspot\share\prims\jni.cpp, line 516]
Event: 2.588 Thread 0x000001d065a23fe0 Implicit null exception at 0x000001d0701c0871 to 0x000001d0701c0a70
Event: 2.589 Thread 0x000001d065a23fe0 Implicit null exception at 0x000001d0701ce48f to 0x000001d0701ce509
Event: 2.679 Thread 0x000001d065a23fe0 Exception <a 'java/lang/NoSuchMethodError'{0x00000000ec2f7bd0}: 'int java.lang.invoke.DirectMethodHandle$Holder.invokeStaticInit(java.lang.Object, java.lang.Object, java.lang.Object, java.lang.Object)'> (0x00000000ec2f7bd0) 
thrown [s\src\hotspot\share\interpreter\linkResolver.cpp, line 759]
Event: 2.682 Thread 0x000001d065a23fe0 Exception <a 'java/lang/NoSuchMethodError'{0x00000000ec302240}: 'java.lang.Object java.lang.invoke.DirectMethodHandle$Holder.invokeInterface(java.lang.Object, java.lang.Object)'> (0x00000000ec302240) 
thrown [s\src\hotspot\share\interpreter\linkResolver.cpp, line 759]
Event: 2.682 Thread 0x000001d065a23fe0 Exception <a 'java/lang/IncompatibleClassChangeError'{0x00000000ec305a38}: Found class java.lang.Object, but interface was expected> (0x00000000ec305a38) 
thrown [s\src\hotspot\share\interpreter\linkResolver.cpp, line 826]
Event: 2.684 Thread 0x000001d065a23fe0 Exception <a 'java/lang/NoSuchMethodError'{0x00000000ec309f30}: 'void java.lang.invoke.DirectMethodHandle$Holder.invokeStatic(java.lang.Object, java.lang.Object)'> (0x00000000ec309f30) 
thrown [s\src\hotspot\share\interpreter\linkResolver.cpp, line 759]
Event: 2.685 Thread 0x000001d065a23fe0 Exception <a 'java/lang/NoSuchMethodError'{0x00000000ec30d730}: 'void java.lang.invoke.DirectMethodHandle$Holder.invokeStaticInit(java.lang.Object, java.lang.Object)'> (0x00000000ec30d730) 
thrown [s\src\hotspot\share\interpreter\linkResolver.cpp, line 759]
Event: 2.686 Thread 0x000001d065a23fe0 Exception <a 'java/lang/NoSuchMethodError'{0x00000000ec314b48}: 'int java.lang.invoke.DirectMethodHandle$Holder.invokeStaticInit(java.lang.Object, java.lang.Object)'> (0x00000000ec314b48) 
thrown [s\src\hotspot\share\interpreter\linkResolver.cpp, line 759]
Event: 2.820 Thread 0x000001d065a23fe0 Exception <a 'java/lang/NoSuchMethodError'{0x00000000eab56d98}: 'void java.lang.invoke.DirectMethodHandle$Holder.invokeSpecial(java.lang.Object, java.lang.Object, java.lang.Object)'> (0x00000000eab56d98) 
thrown [s\src\hotspot\share\interpreter\linkResolver.cpp, line 759]
Event: 3.459 Thread 0x000001d065a23fe0 Exception <a 'java/lang/NoSuchMethodError'{0x00000000eb8486f0}: 'java.lang.Object java.lang.invoke.DirectMethodHandle$Holder.newInvokeSpecial(java.lang.Object, int, java.lang.Object)'> (0x00000000eb8486f0) 
thrown [s\src\hotspot\share\interpreter\linkResolver.cpp, line 759]

VM Operations (20 events):
Event: 1.077 Executing VM operation: HandshakeAllThreads
Event: 1.077 Executing VM operation: HandshakeAllThreads done
Event: 1.810 Executing VM operation: HandshakeAllThreads
Event: 1.810 Executing VM operation: HandshakeAllThreads done
Event: 1.810 Executing VM operation: Cleanup
Event: 1.810 Executing VM operation: Cleanup done
Event: 1.844 Executing VM operation: HandshakeAllThreads
Event: 1.844 Executing VM operation: HandshakeAllThreads done
Event: 2.791 Executing VM operation: ParallelGCFailedAllocation
Event: 2.806 Executing VM operation: ParallelGCFailedAllocation done
Event: 3.407 Executing VM operation: HandshakeAllThreads
Event: 3.407 Executing VM operation: HandshakeAllThreads done
Event: 3.409 Executing VM operation: HandshakeAllThreads
Event: 3.409 Executing VM operation: HandshakeAllThreads done
Event: 3.418 Executing VM operation: HandshakeAllThreads
Event: 3.418 Executing VM operation: HandshakeAllThreads done
Event: 3.451 Executing VM operation: HandshakeAllThreads
Event: 3.451 Executing VM operation: HandshakeAllThreads done
Event: 4.465 Executing VM operation: Cleanup
Event: 4.465 Executing VM operation: Cleanup done

Events (20 events):
Event: 3.495 loading class java/util/ConcurrentModificationException
Event: 3.496 loading class java/util/ConcurrentModificationException done
Event: 3.503 loading class java/net/ContentHandlerFactory
Event: 3.503 loading class java/net/ContentHandlerFactory done
Event: 3.511 loading class java/net/ContentHandler
Event: 3.511 loading class java/net/ContentHandler done
Event: 3.542 loading class java/security/KeyStoreException
Event: 3.542 loading class java/security/KeyStoreException done
Event: 3.582 loading class java/util/LinkedList$Node
Event: 3.582 loading class java/util/LinkedList$Node done
Event: 3.582 loading class java/util/LinkedList$ListItr
Event: 3.582 loading class java/util/LinkedList$ListItr done
Event: 3.597 loading class sun/nio/fs/WindowsChannelFactory
Event: 3.597 loading class sun/nio/fs/WindowsChannelFactory done
Event: 3.597 loading class sun/nio/fs/WindowsChannelFactory$1
Event: 3.597 loading class sun/nio/fs/WindowsChannelFactory$1 done
Event: 3.597 loading class sun/nio/fs/WindowsChannelFactory$Flags
Event: 3.597 loading class sun/nio/fs/WindowsChannelFactory$Flags done
Event: 3.598 loading class sun/nio/ch/FileChannelImpl$Closer
Event: 3.598 loading class sun/nio/ch/FileChannelImpl$Closer done


Dynamic libraries:
0x00007ff623200000 - 0x00007ff62320e000 	c:\Users\user\.vscode\extensions\redhat.java-1.18.0-win32-x64\jre\17.0.7-win32-x86_64\bin\java.exe
0x00007ffc4ab50000 - 0x00007ffc4ad48000 	C:\Windows\SYSTEM32\ntdll.dll
0x00007ffc4a830000 - 0x00007ffc4a8ef000 	C:\Windows\System32\KERNEL32.DLL
0x00007ffc48260000 - 0x00007ffc4853a000 	C:\Windows\System32\KERNELBASE.dll
0x00007ffc487b0000 - 0x00007ffc488b0000 	C:\Windows\System32\ucrtbase.dll
0x00007ffc42020000 - 0x00007ffc42037000 	c:\Users\user\.vscode\extensions\redhat.java-1.18.0-win32-x64\jre\17.0.7-win32-x86_64\bin\jli.dll
0x00007ffc491d0000 - 0x00007ffc4936d000 	C:\Windows\System32\USER32.dll
0x00007ffc489f0000 - 0x00007ffc48a12000 	C:\Windows\System32\win32u.dll
0x00007ffc4a350000 - 0x00007ffc4a37b000 	C:\Windows\System32\GDI32.dll
0x00007ffc48540000 - 0x00007ffc48650000 	C:\Windows\System32\gdi32full.dll
0x00007ffc488e0000 - 0x00007ffc4897d000 	C:\Windows\System32\msvcp_win.dll
0x00007ffc425d0000 - 0x00007ffc425e9000 	c:\Users\user\.vscode\extensions\redhat.java-1.18.0-win32-x64\jre\17.0.7-win32-x86_64\bin\VCRUNTIME140.dll
0x00007ffc37f70000 - 0x00007ffc3820a000 	C:\Windows\WinSxS\amd64_microsoft.windows.common-controls_6595b64144ccf1df_6.0.19041.1110_none_60b5254171f9507e\COMCTL32.dll
0x00007ffc49370000 - 0x00007ffc4940e000 	C:\Windows\System32\msvcrt.dll
0x00007ffc49410000 - 0x00007ffc49440000 	C:\Windows\System32\IMM32.DLL
0x00007ffc42010000 - 0x00007ffc4201c000 	c:\Users\user\.vscode\extensions\redhat.java-1.18.0-win32-x64\jre\17.0.7-win32-x86_64\bin\vcruntime140_1.dll
0x00007ffc41f70000 - 0x00007ffc42001000 	c:\Users\user\.vscode\extensions\redhat.java-1.18.0-win32-x64\jre\17.0.7-win32-x86_64\bin\msvcp140.dll
0x00007ffbb96a0000 - 0x00007ffbba2e8000 	c:\Users\user\.vscode\extensions\redhat.java-1.18.0-win32-x64\jre\17.0.7-win32-x86_64\bin\server\jvm.dll
0x00007ffc4a1a0000 - 0x00007ffc4a24e000 	C:\Windows\System32\ADVAPI32.dll
0x00007ffc48bb0000 - 0x00007ffc48c4c000 	C:\Windows\System32\sechost.dll
0x00007ffc4a380000 - 0x00007ffc4a4a6000 	C:\Windows\System32\RPCRT4.dll
0x00007ffc33d10000 - 0x00007ffc33d19000 	C:\Windows\SYSTEM32\WSOCK32.dll
0x00007ffc4a8f0000 - 0x00007ffc4a95b000 	C:\Windows\System32\WS2_32.dll
0x00007ffc2d070000 - 0x00007ffc2d097000 	C:\Windows\SYSTEM32\WINMM.dll
0x00007ffc3ccd0000 - 0x00007ffc3ccda000 	C:\Windows\SYSTEM32\VERSION.dll
0x00007ffc460e0000 - 0x00007ffc460f2000 	C:\Windows\SYSTEM32\kernel.appcore.dll
0x00007ffc30280000 - 0x00007ffc3028a000 	c:\Users\user\.vscode\extensions\redhat.java-1.18.0-win32-x64\jre\17.0.7-win32-x86_64\bin\jimage.dll
0x00007ffc3f130000 - 0x00007ffc3f314000 	C:\Windows\SYSTEM32\DBGHELP.DLL
0x00007ffc31ec0000 - 0x00007ffc31ef4000 	C:\Windows\SYSTEM32\dbgcore.DLL
0x00007ffc48ad0000 - 0x00007ffc48b52000 	C:\Windows\System32\bcryptPrimitives.dll
0x00007ffc301f0000 - 0x00007ffc301fe000 	c:\Users\user\.vscode\extensions\redhat.java-1.18.0-win32-x64\jre\17.0.7-win32-x86_64\bin\instrument.dll
0x00007ffc2d730000 - 0x00007ffc2d755000 	c:\Users\user\.vscode\extensions\redhat.java-1.18.0-win32-x64\jre\17.0.7-win32-x86_64\bin\java.dll
0x00007ffc2fcb0000 - 0x00007ffc2fcc8000 	c:\Users\user\.vscode\extensions\redhat.java-1.18.0-win32-x64\jre\17.0.7-win32-x86_64\bin\zip.dll
0x00007ffc498d0000 - 0x00007ffc4a014000 	C:\Windows\System32\SHELL32.dll
0x00007ffc462e0000 - 0x00007ffc46a73000 	C:\Windows\SYSTEM32\windows.storage.dll
0x00007ffc49560000 - 0x00007ffc498b4000 	C:\Windows\System32\combase.dll
0x00007ffc47b00000 - 0x00007ffc47b2e000 	C:\Windows\SYSTEM32\Wldp.dll
0x00007ffc49120000 - 0x00007ffc491cd000 	C:\Windows\System32\SHCORE.dll
0x00007ffc4aab0000 - 0x00007ffc4ab05000 	C:\Windows\System32\shlwapi.dll
0x00007ffc481a0000 - 0x00007ffc481bf000 	C:\Windows\SYSTEM32\profapi.dll
0x00007ffc2d710000 - 0x00007ffc2d729000 	C:\Users\user\.vscode\extensions\redhat.java-1.18.0-win32-x64\jre\17.0.7-win32-x86_64\bin\net.dll
0x00007ffc379e0000 - 0x00007ffc37aea000 	C:\Windows\SYSTEM32\WINHTTP.dll
0x00007ffc478e0000 - 0x00007ffc4794a000 	C:\Windows\system32\mswsock.dll
0x00007ffc27f50000 - 0x00007ffc27f65000 	C:\Users\user\.vscode\extensions\redhat.java-1.18.0-win32-x64\jre\17.0.7-win32-x86_64\bin\nio.dll
0x00007ffc301e0000 - 0x00007ffc301f0000 	c:\Users\user\.vscode\extensions\redhat.java-1.18.0-win32-x64\jre\17.0.7-win32-x86_64\bin\verify.dll

dbghelp: loaded successfully - version: 4.0.5 - missing functions: none
symbol engine: initialized successfully - sym options: 0x614 - pdb path: .;c:\Users\user\.vscode\extensions\redhat.java-1.18.0-win32-x64\jre\17.0.7-win32-x86_64\bin;C:\Windows\SYSTEM32;C:\Windows\WinSxS\amd64_microsoft.windows.common-controls_6595b64144ccf1df_6.0.19041.1110_none_60b5254171f9507e;c:\Users\user\.vscode\extensions\redhat.java-1.18.0-win32-x64\jre\17.0.7-win32-x86_64\bin\server

VM Arguments:
jvm_args: --add-modules=ALL-SYSTEM --add-opens=java.base/java.util=ALL-UNNAMED --add-opens=java.base/java.lang=ALL-UNNAMED --add-opens=java.base/sun.nio.fs=ALL-UNNAMED -Declipse.application=org.eclipse.jdt.ls.core.id1 -Dosgi.bundles.defaultStartLevel=4 -Declipse.product=org.eclipse.jdt.ls.core.product -Djava.import.generatesMetadataFilesAtProjectRoot=false -Dfile.encoding=utf8 -XX:+UseParallelGC -XX:GCTimeRatio=4 -XX:AdaptiveSizePolicyWeight=90 -Dsun.zip.disableMemoryMapping=true -Xmx1G -Xms100m -Xlog:disable -javaagent:c:\Users\user\.vscode\extensions\redhat.java-1.18.0-win32-x64\lombok\lombok-1.18.27.jar -XX:+HeapDumpOnOutOfMemoryError -XX:HeapDumpPath=c:\Users\user\AppData\Roaming\Code\User\workspaceStorage\a2cafa31c3caf9654530cf07dd138e31\redhat.java -Daether.dependencyCollector.impl=bf 
java_command: c:\Users\user\.vscode\extensions\redhat.java-1.18.0-win32-x64\server\plugins\org.eclipse.equinox.launcher_1.6.400.v20210924-0641.jar -configuration c:\Users\user\AppData\Roaming\Code\User\globalStorage\redhat.java\1.18.0\config_win -data c:\Users\user\AppData\Roaming\Code\User\workspaceStorage\a2cafa31c3caf9654530cf07dd138e31\redhat.java\jdt_ws
java_class_path (initial): c:\Users\user\.vscode\extensions\redhat.java-1.18.0-win32-x64\server\plugins\org.eclipse.equinox.launcher_1.6.400.v20210924-0641.jar
Launcher Type: SUN_STANDARD

[Global flags]
    uintx AdaptiveSizePolicyWeight                 = 90                                        {product} {command line}
     intx CICompilerCount                          = 3                                         {product} {ergonomic}
    uintx GCTimeRatio                              = 4                                         {product} {command line}
     bool HeapDumpOnOutOfMemoryError               = true                                   {manageable} {command line}
    ccstr HeapDumpPath                             = c:\Users\user\AppData\Roaming\Code\User\workspaceStorage\a2cafa31c3caf9654530cf07dd138e31\redhat.java         {manageable} {command line}
   size_t InitialHeapSize                          = 104857600                                 {product} {command line}
   size_t MaxHeapSize                              = 1073741824                                {product} {command line}
   size_t MaxNewSize                               = 357564416                                 {product} {ergonomic}
   size_t MinHeapDeltaBytes                        = 524288                                    {product} {ergonomic}
   size_t MinHeapSize                              = 104857600                                 {product} {command line}
   size_t NewSize                                  = 34603008                                  {product} {ergonomic}
    uintx NonNMethodCodeHeapSize                   = 5832780                                {pd product} {ergonomic}
    uintx NonProfiledCodeHeapSize                  = 122912730                              {pd product} {ergonomic}
   size_t OldSize                                  = 70254592                                  {product} {ergonomic}
    uintx ProfiledCodeHeapSize                     = 122912730                              {pd product} {ergonomic}
    uintx ReservedCodeCacheSize                    = 251658240                              {pd product} {ergonomic}
     bool SegmentedCodeCache                       = true                                      {product} {ergonomic}
   size_t SoftMaxHeapSize                          = 1073741824                             {manageable} {ergonomic}
     bool UseCompressedClassPointers               = true                           {product lp64_product} {ergonomic}
     bool UseCompressedOops                        = true                           {product lp64_product} {ergonomic}
     bool UseLargePagesIndividualAllocation        = false                                  {pd product} {ergonomic}
     bool UseParallelGC                            = true                                      {product} {command line}

Logging:
Log output configuration:
 #0: stdout all=off uptime,level,tags
 #1: stderr all=off uptime,level,tags

Environment Variables:
JAVA_HOME=C:\Program Files\Java\jdk-17
PATH=C:\Program Files\Common Files\Oracle\Java\javapath;C:\Windows\system32;C:\Windows;C:\Windows\System32\Wbem;C:\Windows\System32\WindowsPowerShell\v1.0\;C:\Windows\System32\OpenSSH\;C:\Program Files (x86)\Microsoft SQL Server\160\Tools\Binn\;C:\Program Files\Microsoft SQL Server\160\Tools\Binn\;C:\Program Files\Microsoft SQL Server\Client SDK\ODBC\170\Tools\Binn\;C:\Program Files\Microsoft SQL Server\160\DTS\Binn\;C:\Program Files (x86)\Microsoft SQL Server\160\DTS\Binn\;C:\Program Files\Azure Data Studio\bin;C:\Program Files\Docker\Docker\resources\bin;C:\Softwares\apache-zookeeper-3.8.1-bin\bin;C:\Program Files\Java\jdk-17\bin;C:\Program Files\nodejs\;C:\Program Files\Git\cmd;C:\Program Files\MySQL\MySQL Shell 8.0\bin\;C:\Users\user\AppData\Local\Microsoft\WindowsApps;C:\Program Files\Azure Data Studio\bin;C:\Program Files\JetBrains\IntelliJ IDEA Community Edition 2023.1\bin;;C:\Users\user\AppData\Local\Programs\Microsoft VS Code\bin;C:\Program Files\Java\jdk-17\bin;C:\Users\user\AppData\Roaming\npm
USERNAME=user
OS=Windows_NT
PROCESSOR_IDENTIFIER=Intel64 Family 6 Model 78 Stepping 3, GenuineIntel
TMP=C:\Users\user\AppData\Local\Temp
TEMP=C:\Users\user\AppData\Local\Temp



---------------  S Y S T E M  ---------------

OS:
 Windows 10 , 64 bit Build 19041 (10.0.19041.2788)
OS uptime: 22 days 18:53 hours
Hyper-V role detected

CPU: total 4 (initial active 4) (2 cores per cpu, 2 threads per core) family 6 model 78 stepping 3 microcode 0xcc, cx8, cmov, fxsr, ht, mmx, 3dnowpref, sse, sse2, sse3, ssse3, sse4.1, sse4.2, popcnt, lzcnt, tsc, tscinvbit, avx, avx2, aes, erms, clmul, bmi1, bmi2, rtm, adx, fma, vzeroupper, clflush, clflushopt, hv

Memory: 4k page, system-wide physical 8083M (249M free)
TotalPageFile size 28905M (AvailPageFile size 0M)
current process WorkingSet (physical memory assigned to process): 80M, peak: 80M
current process commit charge ("private bytes"): 190M, peak: 190M

vm_info: OpenJDK 64-Bit Server VM (17.0.7+7) for windows-amd64 JRE (17.0.7+7), built on Apr 18 2023 22:10:42 by "temurin" with MS VC++ 16.7 (VS2019)

END.
